[
  {
    "level": "INFO",
    "message": "android.ndkVersion from module build.gradle is 21.4.7075529"
  },
  {
    "level": "INFO",
    "message": "ndk.dir in local.properties is /Users/jadentang/Library/Android/sdk/ndk/21.4.7075529"
  },
  {
    "level": "INFO",
    "message": "ANDROID_NDK_HOME environment variable is not set"
  },
  {
    "level": "INFO",
    "message": "sdkFolder is /Users/jadentang/Library/Android/sdk"
  },
  {
    "level": "INFO",
    "message": "Considering /Users/jadentang/Library/Android/sdk/ndk/21.4.7075529 by ndk.dir"
  },
  {
    "level": "INFO",
    "message": "Considering /Users/jadentang/Library/Android/sdk/ndk-bundle in SDK ndk-bundle folder"
  },
  {
    "level": "INFO",
    "message": "Considering /Users/jadentang/Library/Android/sdk/ndk/21.4.7075529 in SDK ndk folder"
  },
  {
    "level": "INFO",
    "message": "Considering /Users/jadentang/Library/Android/sdk/ndk/23.0.7530507 in SDK ndk folder"
  },
  {
    "level": "INFO",
    "message": "Considering /Users/jadentang/Library/Android/sdk/ndk/16.1.4479499 in SDK ndk folder"
  },
  {
    "level": "INFO",
    "message": "Considering /Users/jadentang/Library/Android/sdk/ndk/19.2.5345600 in SDK ndk folder"
  },
  {
    "level": "INFO",
    "message": "Considering /Users/jadentang/Library/Android/sdk/ndk/23.1.7779620 in SDK ndk folder"
  },
  {
    "level": "INFO",
    "message": "Choosing /Users/jadentang/Library/Android/sdk/ndk/21.4.7075529 from ndk.dir which had the requested version 21.4.7075529"
  }
]