[
  {
    "level": "INFO",
    "message": "android.ndkVersion from module build.gradle is [21.3.6528147]"
  },
  {
    "level": "INFO",
    "message": "android.ndkPath from module build.gradle is not set"
  },
  {
    "level": "INFO",
    "message": "ndk.dir in local.properties is /Users/jadentang/Library/Android/sdk/ndk/21.4.7075529"
  },
  {
    "level": "INFO",
    "message": "Not considering ANDROID_NDK_HOME because support was removed after deprecation period."
  },
  {
    "level": "INFO",
    "message": "sdkFolder is /Users/jadentang/Library/Android/sdk"
  },
  {
    "level": "ERROR",
    "message": "NDK from ndk.dir at /Users/jadentang/Library/Android/sdk/ndk/21.4.7075529 had version [21.4.7075529] which disagrees with android.ndkVersion [21.3.6528147]"
  }
]